2017-05-20 20:22:37 [::1][-][-][error][yii\web\HttpException:404] exception 'yii\web\NotFoundHttpException' with message 'Page not found.' in /Applications/XAMPP/xamppfiles/htdocs/sites/advanced-api/vendor/yiisoft/yii2/web/Request.php:193
Stack trace:
#0 /Applications/XAMPP/xamppfiles/htdocs/sites/advanced-api/vendor/yiisoft/yii2/web/Application.php(82): yii\web\Request->resolve()
#1 /Applications/XAMPP/xamppfiles/htdocs/sites/advanced-api/vendor/yiisoft/yii2/base/Application.php(380): yii\web\Application->handleRequest(Object(yii\web\Request))
#2 /Applications/XAMPP/xamppfiles/htdocs/sites/advanced-api/api/web/index.php(17): yii\base\Application->run()
#3 {main}
2017-05-20 20:22:37 [::1][-][-][info][application] $_COOKIE = [
    'advanced-frontend' => '8d6i2f3isri1h654dmt3vtdtg7'
    '_csrf-frontend' => '0cb5f9c42b22bb29e2f964592b63b7a4b4df1393f6669513f8effb94730a201ea:2:{i:0;s:14:\"_csrf-frontend\";i:1;s:32:\"_ycNuOwUyjG4ktRfjt0Jjo2yD-2cUW5x\";}'
]

$_SERVER = [
    'UNIQUE_ID' => 'WSCJbMCoAUYAAStAxLsAAAAE'
    'HTTP_HOST' => 'localhost'
    'HTTP_CONNECTION' => 'keep-alive'
    'HTTP_CACHE_CONTROL' => 'max-age=0'
    'HTTP_UPGRADE_INSECURE_REQUESTS' => '1'
    'HTTP_USER_AGENT' => 'Mozilla/5.0 (Macintosh; Intel Mac OS X 10_11_5) AppleWebKit/537.36 (KHTML, like Gecko) Chrome/57.0.2987.133 Safari/537.36'
    'HTTP_ACCEPT' => 'text/html,application/xhtml+xml,application/xml;q=0.9,image/webp,*/*;q=0.8'
    'HTTP_REFERER' => 'http://localhost/sites/advanced-api/api/'
    'HTTP_ACCEPT_ENCODING' => 'gzip, deflate, sdch, br'
    'HTTP_ACCEPT_LANGUAGE' => 'it-IT,it;q=0.8,en-US;q=0.6,en;q=0.4'
    'HTTP_COOKIE' => 'advanced-frontend=8d6i2f3isri1h654dmt3vtdtg7; _csrf-frontend=0cb5f9c42b22bb29e2f964592b63b7a4b4df1393f6669513f8effb94730a201ea%3A2%3A%7Bi%3A0%3Bs%3A14%3A%22_csrf-frontend%22%3Bi%3A1%3Bs%3A32%3A%22_ycNuOwUyjG4ktRfjt0Jjo2yD-2cUW5x%22%3B%7D'
    'PATH' => '/usr/bin:/bin:/usr/sbin:/sbin'
    'DYLD_LIBRARY_PATH' => '/Applications/XAMPP/xamppfiles/lib'
    'SERVER_SIGNATURE' => ''
    'SERVER_SOFTWARE' => 'Apache/2.4.18 (Unix) OpenSSL/1.0.2h PHP/5.5.37 mod_perl/2.0.8-dev Perl/v5.16.3'
    'SERVER_NAME' => 'localhost'
    'SERVER_ADDR' => '::1'
    'SERVER_PORT' => '80'
    'REMOTE_ADDR' => '::1'
    'DOCUMENT_ROOT' => '/Applications/XAMPP/xamppfiles/htdocs'
    'REQUEST_SCHEME' => 'http'
    'CONTEXT_PREFIX' => ''
    'CONTEXT_DOCUMENT_ROOT' => '/Applications/XAMPP/xamppfiles/htdocs'
    'SERVER_ADMIN' => 'you@example.com'
    'SCRIPT_FILENAME' => '/Applications/XAMPP/xamppfiles/htdocs/sites/advanced-api/api/web/index.php'
    'REMOTE_PORT' => '60595'
    'GATEWAY_INTERFACE' => 'CGI/1.1'
    'SERVER_PROTOCOL' => 'HTTP/1.1'
    'REQUEST_METHOD' => 'GET'
    'QUERY_STRING' => ''
    'REQUEST_URI' => '/sites/advanced-api/api/web/'
    'SCRIPT_NAME' => '/sites/advanced-api/api/web/index.php'
    'PHP_SELF' => '/sites/advanced-api/api/web/index.php'
    'REQUEST_TIME_FLOAT' => 1495304556.898
    'REQUEST_TIME' => 1495304556
]
2017-05-20 20:29:48 [::1][-][-][error][yii\web\HttpException:404] exception 'yii\web\NotFoundHttpException' with message 'Page not found.' in /Applications/XAMPP/xamppfiles/htdocs/sites/advanced-api/vendor/yiisoft/yii2/web/Request.php:193
Stack trace:
#0 /Applications/XAMPP/xamppfiles/htdocs/sites/advanced-api/vendor/yiisoft/yii2/web/Application.php(82): yii\web\Request->resolve()
#1 /Applications/XAMPP/xamppfiles/htdocs/sites/advanced-api/vendor/yiisoft/yii2/base/Application.php(380): yii\web\Application->handleRequest(Object(yii\web\Request))
#2 /Applications/XAMPP/xamppfiles/htdocs/sites/advanced-api/api/web/index.php(17): yii\base\Application->run()
#3 {main}
2017-05-20 20:29:48 [::1][-][-][info][application] $_SERVER = [
    'UNIQUE_ID' => 'WSCLHMCoAUYAAU@IR00AAAAK'
    'HTTP_HOST' => 'localhost'
    'HTTP_CONNECTION' => 'keep-alive'
    'HTTP_UPGRADE_INSECURE_REQUESTS' => '1'
    'HTTP_USER_AGENT' => 'Mozilla/5.0 (Macintosh; Intel Mac OS X 10_11_5) AppleWebKit/537.36 (KHTML, like Gecko) Chrome/57.0.2987.133 Safari/537.36'
    'HTTP_ACCEPT' => 'text/html,application/xhtml+xml,application/xml;q=0.9,image/webp,*/*;q=0.8'
    'HTTP_REFERER' => 'http://localhost/sites/advanced-api/api/'
    'HTTP_ACCEPT_ENCODING' => 'gzip, deflate, sdch, br'
    'HTTP_ACCEPT_LANGUAGE' => 'it-IT,it;q=0.8,en-US;q=0.6,en;q=0.4'
    'PATH' => '/usr/bin:/bin:/usr/sbin:/sbin'
    'DYLD_LIBRARY_PATH' => '/Applications/XAMPP/xamppfiles/lib'
    'SERVER_SIGNATURE' => ''
    'SERVER_SOFTWARE' => 'Apache/2.4.18 (Unix) OpenSSL/1.0.2h PHP/5.5.37 mod_perl/2.0.8-dev Perl/v5.16.3'
    'SERVER_NAME' => 'localhost'
    'SERVER_ADDR' => '::1'
    'SERVER_PORT' => '80'
    'REMOTE_ADDR' => '::1'
    'DOCUMENT_ROOT' => '/Applications/XAMPP/xamppfiles/htdocs'
    'REQUEST_SCHEME' => 'http'
    'CONTEXT_PREFIX' => ''
    'CONTEXT_DOCUMENT_ROOT' => '/Applications/XAMPP/xamppfiles/htdocs'
    'SERVER_ADMIN' => 'you@example.com'
    'SCRIPT_FILENAME' => '/Applications/XAMPP/xamppfiles/htdocs/sites/advanced-api/api/web/index.php'
    'REMOTE_PORT' => '60674'
    'GATEWAY_INTERFACE' => 'CGI/1.1'
    'SERVER_PROTOCOL' => 'HTTP/1.1'
    'REQUEST_METHOD' => 'GET'
    'QUERY_STRING' => ''
    'REQUEST_URI' => '/sites/advanced-api/api/web/'
    'SCRIPT_NAME' => '/sites/advanced-api/api/web/index.php'
    'PHP_SELF' => '/sites/advanced-api/api/web/index.php'
    'REQUEST_TIME_FLOAT' => 1495304988.438
    'REQUEST_TIME' => 1495304988
]
2017-05-20 20:30:10 [::1][-][-][error][yii\web\HttpException:404] exception 'yii\web\NotFoundHttpException' with message 'Page not found.' in /Applications/XAMPP/xamppfiles/htdocs/sites/advanced-api/vendor/yiisoft/yii2/web/Request.php:193
Stack trace:
#0 /Applications/XAMPP/xamppfiles/htdocs/sites/advanced-api/vendor/yiisoft/yii2/web/Application.php(82): yii\web\Request->resolve()
#1 /Applications/XAMPP/xamppfiles/htdocs/sites/advanced-api/vendor/yiisoft/yii2/base/Application.php(380): yii\web\Application->handleRequest(Object(yii\web\Request))
#2 /Applications/XAMPP/xamppfiles/htdocs/sites/advanced-api/api/web/index.php(17): yii\base\Application->run()
#3 {main}
2017-05-20 20:30:10 [::1][-][-][info][application] $_SERVER = [
    'UNIQUE_ID' => 'WSCLMsCoAUYAASs@3xoAAAAC'
    'HTTP_HOST' => 'localhost'
    'HTTP_CONNECTION' => 'keep-alive'
    'HTTP_CACHE_CONTROL' => 'max-age=0'
    'HTTP_UPGRADE_INSECURE_REQUESTS' => '1'
    'HTTP_USER_AGENT' => 'Mozilla/5.0 (Macintosh; Intel Mac OS X 10_11_5) AppleWebKit/537.36 (KHTML, like Gecko) Chrome/57.0.2987.133 Safari/537.36'
    'HTTP_ACCEPT' => 'text/html,application/xhtml+xml,application/xml;q=0.9,image/webp,*/*;q=0.8'
    'HTTP_REFERER' => 'http://localhost/sites/advanced-api/api/'
    'HTTP_ACCEPT_ENCODING' => 'gzip, deflate, sdch, br'
    'HTTP_ACCEPT_LANGUAGE' => 'it-IT,it;q=0.8,en-US;q=0.6,en;q=0.4'
    'PATH' => '/usr/bin:/bin:/usr/sbin:/sbin'
    'DYLD_LIBRARY_PATH' => '/Applications/XAMPP/xamppfiles/lib'
    'SERVER_SIGNATURE' => ''
    'SERVER_SOFTWARE' => 'Apache/2.4.18 (Unix) OpenSSL/1.0.2h PHP/5.5.37 mod_perl/2.0.8-dev Perl/v5.16.3'
    'SERVER_NAME' => 'localhost'
    'SERVER_ADDR' => '::1'
    'SERVER_PORT' => '80'
    'REMOTE_ADDR' => '::1'
    'DOCUMENT_ROOT' => '/Applications/XAMPP/xamppfiles/htdocs'
    'REQUEST_SCHEME' => 'http'
    'CONTEXT_PREFIX' => ''
    'CONTEXT_DOCUMENT_ROOT' => '/Applications/XAMPP/xamppfiles/htdocs'
    'SERVER_ADMIN' => 'you@example.com'
    'SCRIPT_FILENAME' => '/Applications/XAMPP/xamppfiles/htdocs/sites/advanced-api/api/web/index.php'
    'REMOTE_PORT' => '60679'
    'GATEWAY_INTERFACE' => 'CGI/1.1'
    'SERVER_PROTOCOL' => 'HTTP/1.1'
    'REQUEST_METHOD' => 'GET'
    'QUERY_STRING' => ''
    'REQUEST_URI' => '/sites/advanced-api/api/web/'
    'SCRIPT_NAME' => '/sites/advanced-api/api/web/index.php'
    'PHP_SELF' => '/sites/advanced-api/api/web/index.php'
    'REQUEST_TIME_FLOAT' => 1495305010.215
    'REQUEST_TIME' => 1495305010
]
2017-05-20 20:30:26 [::1][-][-][error][yii\web\HttpException:404] exception 'yii\web\NotFoundHttpException' with message 'Page not found.' in /Applications/XAMPP/xamppfiles/htdocs/sites/advanced-api/vendor/yiisoft/yii2/web/Request.php:193
Stack trace:
#0 /Applications/XAMPP/xamppfiles/htdocs/sites/advanced-api/vendor/yiisoft/yii2/web/Application.php(82): yii\web\Request->resolve()
#1 /Applications/XAMPP/xamppfiles/htdocs/sites/advanced-api/vendor/yiisoft/yii2/base/Application.php(380): yii\web\Application->handleRequest(Object(yii\web\Request))
#2 /Applications/XAMPP/xamppfiles/htdocs/sites/advanced-api/api/web/index.php(17): yii\base\Application->run()
#3 {main}
2017-05-20 20:30:26 [::1][-][-][info][application] $_SERVER = [
    'UNIQUE_ID' => 'WSCLQsCoAUYAAU3XrUUAAAAH'
    'HTTP_HOST' => 'localhost'
    'HTTP_CONNECTION' => 'keep-alive'
    'HTTP_CACHE_CONTROL' => 'max-age=0'
    'HTTP_UPGRADE_INSECURE_REQUESTS' => '1'
    'HTTP_USER_AGENT' => 'Mozilla/5.0 (Macintosh; Intel Mac OS X 10_11_5) AppleWebKit/537.36 (KHTML, like Gecko) Chrome/57.0.2987.133 Safari/537.36'
    'HTTP_ACCEPT' => 'text/html,application/xhtml+xml,application/xml;q=0.9,image/webp,*/*;q=0.8'
    'HTTP_REFERER' => 'http://localhost/sites/advanced-api/api/'
    'HTTP_ACCEPT_ENCODING' => 'gzip, deflate, sdch, br'
    'HTTP_ACCEPT_LANGUAGE' => 'it-IT,it;q=0.8,en-US;q=0.6,en;q=0.4'
    'PATH' => '/usr/bin:/bin:/usr/sbin:/sbin'
    'DYLD_LIBRARY_PATH' => '/Applications/XAMPP/xamppfiles/lib'
    'SERVER_SIGNATURE' => ''
    'SERVER_SOFTWARE' => 'Apache/2.4.18 (Unix) OpenSSL/1.0.2h PHP/5.5.37 mod_perl/2.0.8-dev Perl/v5.16.3'
    'SERVER_NAME' => 'localhost'
    'SERVER_ADDR' => '::1'
    'SERVER_PORT' => '80'
    'REMOTE_ADDR' => '::1'
    'DOCUMENT_ROOT' => '/Applications/XAMPP/xamppfiles/htdocs'
    'REQUEST_SCHEME' => 'http'
    'CONTEXT_PREFIX' => ''
    'CONTEXT_DOCUMENT_ROOT' => '/Applications/XAMPP/xamppfiles/htdocs'
    'SERVER_ADMIN' => 'you@example.com'
    'SCRIPT_FILENAME' => '/Applications/XAMPP/xamppfiles/htdocs/sites/advanced-api/api/web/index.php'
    'REMOTE_PORT' => '60683'
    'GATEWAY_INTERFACE' => 'CGI/1.1'
    'SERVER_PROTOCOL' => 'HTTP/1.1'
    'REQUEST_METHOD' => 'GET'
    'QUERY_STRING' => ''
    'REQUEST_URI' => '/sites/advanced-api/api/web/'
    'SCRIPT_NAME' => '/sites/advanced-api/api/web/index.php'
    'PHP_SELF' => '/sites/advanced-api/api/web/index.php'
    'REQUEST_TIME_FLOAT' => 1495305026.969
    'REQUEST_TIME' => 1495305026
]
2017-05-20 20:30:28 [::1][-][-][error][yii\web\HttpException:404] exception 'yii\web\NotFoundHttpException' with message 'Page not found.' in /Applications/XAMPP/xamppfiles/htdocs/sites/advanced-api/vendor/yiisoft/yii2/web/Request.php:193
Stack trace:
#0 /Applications/XAMPP/xamppfiles/htdocs/sites/advanced-api/vendor/yiisoft/yii2/web/Application.php(82): yii\web\Request->resolve()
#1 /Applications/XAMPP/xamppfiles/htdocs/sites/advanced-api/vendor/yiisoft/yii2/base/Application.php(380): yii\web\Application->handleRequest(Object(yii\web\Request))
#2 /Applications/XAMPP/xamppfiles/htdocs/sites/advanced-api/api/web/index.php(17): yii\base\Application->run()
#3 {main}
2017-05-20 20:30:28 [::1][-][-][info][application] $_SERVER = [
    'UNIQUE_ID' => 'WSCLRMCoAUYAAU3XrUcAAAAH'
    'HTTP_HOST' => 'localhost'
    'HTTP_CONNECTION' => 'keep-alive'
    'HTTP_CACHE_CONTROL' => 'max-age=0'
    'HTTP_UPGRADE_INSECURE_REQUESTS' => '1'
    'HTTP_USER_AGENT' => 'Mozilla/5.0 (Macintosh; Intel Mac OS X 10_11_5) AppleWebKit/537.36 (KHTML, like Gecko) Chrome/57.0.2987.133 Safari/537.36'
    'HTTP_ACCEPT' => 'text/html,application/xhtml+xml,application/xml;q=0.9,image/webp,*/*;q=0.8'
    'HTTP_REFERER' => 'http://localhost/sites/advanced-api/api/'
    'HTTP_ACCEPT_ENCODING' => 'gzip, deflate, sdch, br'
    'HTTP_ACCEPT_LANGUAGE' => 'it-IT,it;q=0.8,en-US;q=0.6,en;q=0.4'
    'PATH' => '/usr/bin:/bin:/usr/sbin:/sbin'
    'DYLD_LIBRARY_PATH' => '/Applications/XAMPP/xamppfiles/lib'
    'SERVER_SIGNATURE' => ''
    'SERVER_SOFTWARE' => 'Apache/2.4.18 (Unix) OpenSSL/1.0.2h PHP/5.5.37 mod_perl/2.0.8-dev Perl/v5.16.3'
    'SERVER_NAME' => 'localhost'
    'SERVER_ADDR' => '::1'
    'SERVER_PORT' => '80'
    'REMOTE_ADDR' => '::1'
    'DOCUMENT_ROOT' => '/Applications/XAMPP/xamppfiles/htdocs'
    'REQUEST_SCHEME' => 'http'
    'CONTEXT_PREFIX' => ''
    'CONTEXT_DOCUMENT_ROOT' => '/Applications/XAMPP/xamppfiles/htdocs'
    'SERVER_ADMIN' => 'you@example.com'
    'SCRIPT_FILENAME' => '/Applications/XAMPP/xamppfiles/htdocs/sites/advanced-api/api/web/index.php'
    'REMOTE_PORT' => '60683'
    'GATEWAY_INTERFACE' => 'CGI/1.1'
    'SERVER_PROTOCOL' => 'HTTP/1.1'
    'REQUEST_METHOD' => 'GET'
    'QUERY_STRING' => ''
    'REQUEST_URI' => '/sites/advanced-api/api/web/'
    'SCRIPT_NAME' => '/sites/advanced-api/api/web/index.php'
    'PHP_SELF' => '/sites/advanced-api/api/web/index.php'
    'REQUEST_TIME_FLOAT' => 1495305028.775
    'REQUEST_TIME' => 1495305028
]
2017-05-20 20:32:05 [::1][-][-][error][yii\web\HttpException:404] exception 'yii\web\NotFoundHttpException' with message 'Page not found.' in /Applications/XAMPP/xamppfiles/htdocs/sites/advanced-api/vendor/yiisoft/yii2/web/Request.php:193
Stack trace:
#0 /Applications/XAMPP/xamppfiles/htdocs/sites/advanced-api/vendor/yiisoft/yii2/web/Application.php(82): yii\web\Request->resolve()
#1 /Applications/XAMPP/xamppfiles/htdocs/sites/advanced-api/vendor/yiisoft/yii2/base/Application.php(380): yii\web\Application->handleRequest(Object(yii\web\Request))
#2 /Applications/XAMPP/xamppfiles/htdocs/sites/advanced-api/api/web/index.php(17): yii\base\Application->run()
#3 {main}
2017-05-20 20:32:05 [::1][-][-][info][application] $_SERVER = [
    'UNIQUE_ID' => 'WSCLpcCoAUYAAStAxMAAAAAE'
    'HTTP_HOST' => 'localhost'
    'HTTP_CONNECTION' => 'keep-alive'
    'HTTP_CACHE_CONTROL' => 'max-age=0'
    'HTTP_UPGRADE_INSECURE_REQUESTS' => '1'
    'HTTP_USER_AGENT' => 'Mozilla/5.0 (Macintosh; Intel Mac OS X 10_11_5) AppleWebKit/537.36 (KHTML, like Gecko) Chrome/57.0.2987.133 Safari/537.36'
    'HTTP_ACCEPT' => 'text/html,application/xhtml+xml,application/xml;q=0.9,image/webp,*/*;q=0.8'
    'HTTP_REFERER' => 'http://localhost/sites/advanced-api/api/'
    'HTTP_ACCEPT_ENCODING' => 'gzip, deflate, sdch, br'
    'HTTP_ACCEPT_LANGUAGE' => 'it-IT,it;q=0.8,en-US;q=0.6,en;q=0.4'
    'PATH' => '/usr/bin:/bin:/usr/sbin:/sbin'
    'DYLD_LIBRARY_PATH' => '/Applications/XAMPP/xamppfiles/lib'
    'SERVER_SIGNATURE' => ''
    'SERVER_SOFTWARE' => 'Apache/2.4.18 (Unix) OpenSSL/1.0.2h PHP/5.5.37 mod_perl/2.0.8-dev Perl/v5.16.3'
    'SERVER_NAME' => 'localhost'
    'SERVER_ADDR' => '::1'
    'SERVER_PORT' => '80'
    'REMOTE_ADDR' => '::1'
    'DOCUMENT_ROOT' => '/Applications/XAMPP/xamppfiles/htdocs'
    'REQUEST_SCHEME' => 'http'
    'CONTEXT_PREFIX' => ''
    'CONTEXT_DOCUMENT_ROOT' => '/Applications/XAMPP/xamppfiles/htdocs'
    'SERVER_ADMIN' => 'you@example.com'
    'SCRIPT_FILENAME' => '/Applications/XAMPP/xamppfiles/htdocs/sites/advanced-api/api/web/index.php'
    'REMOTE_PORT' => '60691'
    'GATEWAY_INTERFACE' => 'CGI/1.1'
    'SERVER_PROTOCOL' => 'HTTP/1.1'
    'REQUEST_METHOD' => 'GET'
    'QUERY_STRING' => ''
    'REQUEST_URI' => '/sites/advanced-api/api/web/'
    'SCRIPT_NAME' => '/sites/advanced-api/api/web/index.php'
    'PHP_SELF' => '/sites/advanced-api/api/web/index.php'
    'REQUEST_TIME_FLOAT' => 1495305125.039
    'REQUEST_TIME' => 1495305125
]
2017-05-20 20:34:54 [::1][-][-][error][yii\web\HttpException:404] exception 'yii\web\NotFoundHttpException' with message 'Page not found.' in /Applications/XAMPP/xamppfiles/htdocs/sites/advanced-api/vendor/yiisoft/yii2/web/Request.php:193
Stack trace:
#0 /Applications/XAMPP/xamppfiles/htdocs/sites/advanced-api/vendor/yiisoft/yii2/web/Application.php(82): yii\web\Request->resolve()
#1 /Applications/XAMPP/xamppfiles/htdocs/sites/advanced-api/vendor/yiisoft/yii2/base/Application.php(380): yii\web\Application->handleRequest(Object(yii\web\Request))
#2 /Applications/XAMPP/xamppfiles/htdocs/sites/advanced-api/api/web/index.php(17): yii\base\Application->run()
#3 {main}
2017-05-20 20:34:54 [::1][-][-][info][application] $_SERVER = [
    'UNIQUE_ID' => 'WSCMTsCoAUYAASs@3xwAAAAC'
    'HTTP_HOST' => 'localhost'
    'HTTP_CONNECTION' => 'keep-alive'
    'HTTP_CACHE_CONTROL' => 'max-age=0'
    'HTTP_UPGRADE_INSECURE_REQUESTS' => '1'
    'HTTP_USER_AGENT' => 'Mozilla/5.0 (Macintosh; Intel Mac OS X 10_11_5) AppleWebKit/537.36 (KHTML, like Gecko) Chrome/57.0.2987.133 Safari/537.36'
    'HTTP_ACCEPT' => 'text/html,application/xhtml+xml,application/xml;q=0.9,image/webp,*/*;q=0.8'
    'HTTP_REFERER' => 'http://localhost/sites/advanced-api/api/'
    'HTTP_ACCEPT_ENCODING' => 'gzip, deflate, sdch, br'
    'HTTP_ACCEPT_LANGUAGE' => 'it-IT,it;q=0.8,en-US;q=0.6,en;q=0.4'
    'PATH' => '/usr/bin:/bin:/usr/sbin:/sbin'
    'DYLD_LIBRARY_PATH' => '/Applications/XAMPP/xamppfiles/lib'
    'SERVER_SIGNATURE' => ''
    'SERVER_SOFTWARE' => 'Apache/2.4.18 (Unix) OpenSSL/1.0.2h PHP/5.5.37 mod_perl/2.0.8-dev Perl/v5.16.3'
    'SERVER_NAME' => 'localhost'
    'SERVER_ADDR' => '::1'
    'SERVER_PORT' => '80'
    'REMOTE_ADDR' => '::1'
    'DOCUMENT_ROOT' => '/Applications/XAMPP/xamppfiles/htdocs'
    'REQUEST_SCHEME' => 'http'
    'CONTEXT_PREFIX' => ''
    'CONTEXT_DOCUMENT_ROOT' => '/Applications/XAMPP/xamppfiles/htdocs'
    'SERVER_ADMIN' => 'you@example.com'
    'SCRIPT_FILENAME' => '/Applications/XAMPP/xamppfiles/htdocs/sites/advanced-api/api/web/index.php'
    'REMOTE_PORT' => '60692'
    'GATEWAY_INTERFACE' => 'CGI/1.1'
    'SERVER_PROTOCOL' => 'HTTP/1.1'
    'REQUEST_METHOD' => 'GET'
    'QUERY_STRING' => ''
    'REQUEST_URI' => '/sites/advanced-api/api/web/'
    'SCRIPT_NAME' => '/sites/advanced-api/api/web/index.php'
    'PHP_SELF' => '/sites/advanced-api/api/web/index.php'
    'REQUEST_TIME_FLOAT' => 1495305294.479
    'REQUEST_TIME' => 1495305294
]
2017-05-20 20:41:16 [::1][-][-][error][yii\web\HttpException:404] exception 'yii\web\NotFoundHttpException' with message 'Page not found.' in /Applications/XAMPP/xamppfiles/htdocs/sites/advanced-api/vendor/yiisoft/yii2/web/Request.php:193
Stack trace:
#0 /Applications/XAMPP/xamppfiles/htdocs/sites/advanced-api/vendor/yiisoft/yii2/web/Application.php(82): yii\web\Request->resolve()
#1 /Applications/XAMPP/xamppfiles/htdocs/sites/advanced-api/vendor/yiisoft/yii2/base/Application.php(380): yii\web\Application->handleRequest(Object(yii\web\Request))
#2 /Applications/XAMPP/xamppfiles/htdocs/sites/advanced-api/api/web/index.php(17): yii\base\Application->run()
#3 {main}
2017-05-20 20:41:16 [::1][-][-][info][application] $_SERVER = [
    'UNIQUE_ID' => 'WSCNy8CoAUYAAStgdWEAAAAG'
    'HTTP_HOST' => 'localhost'
    'HTTP_CONNECTION' => 'keep-alive'
    'HTTP_CACHE_CONTROL' => 'max-age=0'
    'HTTP_UPGRADE_INSECURE_REQUESTS' => '1'
    'HTTP_USER_AGENT' => 'Mozilla/5.0 (Macintosh; Intel Mac OS X 10_11_5) AppleWebKit/537.36 (KHTML, like Gecko) Chrome/57.0.2987.133 Safari/537.36'
    'HTTP_ACCEPT' => 'text/html,application/xhtml+xml,application/xml;q=0.9,image/webp,*/*;q=0.8'
    'HTTP_REFERER' => 'http://localhost/sites/advanced-api/api/'
    'HTTP_ACCEPT_ENCODING' => 'gzip, deflate, sdch, br'
    'HTTP_ACCEPT_LANGUAGE' => 'it-IT,it;q=0.8,en-US;q=0.6,en;q=0.4'
    'PATH' => '/usr/bin:/bin:/usr/sbin:/sbin'
    'DYLD_LIBRARY_PATH' => '/Applications/XAMPP/xamppfiles/lib'
    'SERVER_SIGNATURE' => ''
    'SERVER_SOFTWARE' => 'Apache/2.4.18 (Unix) OpenSSL/1.0.2h PHP/5.5.37 mod_perl/2.0.8-dev Perl/v5.16.3'
    'SERVER_NAME' => 'localhost'
    'SERVER_ADDR' => '::1'
    'SERVER_PORT' => '80'
    'REMOTE_ADDR' => '::1'
    'DOCUMENT_ROOT' => '/Applications/XAMPP/xamppfiles/htdocs'
    'REQUEST_SCHEME' => 'http'
    'CONTEXT_PREFIX' => ''
    'CONTEXT_DOCUMENT_ROOT' => '/Applications/XAMPP/xamppfiles/htdocs'
    'SERVER_ADMIN' => 'you@example.com'
    'SCRIPT_FILENAME' => '/Applications/XAMPP/xamppfiles/htdocs/sites/advanced-api/api/web/index.php'
    'REMOTE_PORT' => '60719'
    'GATEWAY_INTERFACE' => 'CGI/1.1'
    'SERVER_PROTOCOL' => 'HTTP/1.1'
    'REQUEST_METHOD' => 'GET'
    'QUERY_STRING' => ''
    'REQUEST_URI' => '/sites/advanced-api/api/web/'
    'SCRIPT_NAME' => '/sites/advanced-api/api/web/index.php'
    'PHP_SELF' => '/sites/advanced-api/api/web/index.php'
    'REQUEST_TIME_FLOAT' => 1495305675.976
    'REQUEST_TIME' => 1495305675
]
2017-05-23 19:41:37 [::1][-][-][error][yii\web\HttpException:404] exception 'yii\web\NotFoundHttpException' with message 'Page not found.' in /Applications/XAMPP/xamppfiles/htdocs/sites/advanced-api/vendor/yiisoft/yii2/web/Request.php:193
Stack trace:
#0 /Applications/XAMPP/xamppfiles/htdocs/sites/advanced-api/vendor/yiisoft/yii2/web/Application.php(82): yii\web\Request->resolve()
#1 /Applications/XAMPP/xamppfiles/htdocs/sites/advanced-api/vendor/yiisoft/yii2/base/Application.php(380): yii\web\Application->handleRequest(Object(yii\web\Request))
#2 /Applications/XAMPP/xamppfiles/htdocs/sites/advanced-api/api/web/index.php(17): yii\base\Application->run()
#3 {main}
2017-05-23 19:41:37 [::1][-][-][info][application] $_COOKIE = [
    'advanced-frontend' => '8758thc2dj62r5tlgp6erk8ss7'
    '_csrf-frontend' => 'c5bd8bfac500d8feeeba1042575b3facbaf7720db1a5d8646935e7812445e303a:2:{i:0;s:14:\"_csrf-frontend\";i:1;s:32:\"V‘À›º’Å€¤ ˆY\0Tîº¿\"ÿ_k¢ËuÂÉÝq\";}'
    'advanced-backend' => '07a2jh9f1fl2aivso8vgni4or7'
    '_csrf-backend' => 'e21368bdb6f14ff85391f866f3d9d51ee781031bda8df75d192b336680380c6da:2:{i:0;s:13:\"_csrf-backend\";i:1;s:32:\"fliTIHlu55lxVyxOVIZfsGCtAtGC0AXy\";}'
]

$_SERVER = [
    'UNIQUE_ID' => 'WSR0UcCoAUYAAE0oLu8AAAAL'
    'HTTP_HOST' => 'localhost'
    'HTTP_CONNECTION' => 'keep-alive'
    'HTTP_UPGRADE_INSECURE_REQUESTS' => '1'
    'HTTP_USER_AGENT' => 'Mozilla/5.0 (Macintosh; Intel Mac OS X 10_11_5) AppleWebKit/537.36 (KHTML, like Gecko) Chrome/58.0.3029.110 Safari/537.36'
    'HTTP_ACCEPT' => 'text/html,application/xhtml+xml,application/xml;q=0.9,image/webp,*/*;q=0.8'
    'HTTP_REFERER' => 'http://localhost/sites/advanced-api/api/'
    'HTTP_ACCEPT_ENCODING' => 'gzip, deflate, sdch, br'
    'HTTP_ACCEPT_LANGUAGE' => 'it-IT,it;q=0.8,en-US;q=0.6,en;q=0.4'
    'HTTP_COOKIE' => 'advanced-frontend=8758thc2dj62r5tlgp6erk8ss7; _csrf-frontend=c5bd8bfac500d8feeeba1042575b3facbaf7720db1a5d8646935e7812445e303a%3A2%3A%7Bi%3A0%3Bs%3A14%3A%22_csrf-frontend%22%3Bi%3A1%3Bs%3A32%3A%22V%14%91%C0%9B%BA%92%C5%80%A4%A0%88Y%10%00T%EE%BA%BF%0C%22%FF_k%16%A2%CBu%C2%C9%DDq%22%3B%7D; advanced-backend=07a2jh9f1fl2aivso8vgni4or7; _csrf-backend=e21368bdb6f14ff85391f866f3d9d51ee781031bda8df75d192b336680380c6da%3A2%3A%7Bi%3A0%3Bs%3A13%3A%22_csrf-backend%22%3Bi%3A1%3Bs%3A32%3A%22fliTIHlu55lxVyxOVIZfsGCtAtGC0AXy%22%3B%7D'
    'HTTP_ORIGIN' => 'http://evil.com/'
    'PATH' => '/usr/bin:/bin:/usr/sbin:/sbin'
    'DYLD_LIBRARY_PATH' => '/Applications/XAMPP/xamppfiles/lib'
    'SERVER_SIGNATURE' => ''
    'SERVER_SOFTWARE' => 'Apache/2.4.18 (Unix) OpenSSL/1.0.2h PHP/5.5.37 mod_perl/2.0.8-dev Perl/v5.16.3'
    'SERVER_NAME' => 'localhost'
    'SERVER_ADDR' => '::1'
    'SERVER_PORT' => '80'
    'REMOTE_ADDR' => '::1'
    'DOCUMENT_ROOT' => '/Applications/XAMPP/xamppfiles/htdocs'
    'REQUEST_SCHEME' => 'http'
    'CONTEXT_PREFIX' => ''
    'CONTEXT_DOCUMENT_ROOT' => '/Applications/XAMPP/xamppfiles/htdocs'
    'SERVER_ADMIN' => 'you@example.com'
    'SCRIPT_FILENAME' => '/Applications/XAMPP/xamppfiles/htdocs/sites/advanced-api/api/web/index.php'
    'REMOTE_PORT' => '58095'
    'GATEWAY_INTERFACE' => 'CGI/1.1'
    'SERVER_PROTOCOL' => 'HTTP/1.1'
    'REQUEST_METHOD' => 'GET'
    'QUERY_STRING' => ''
    'REQUEST_URI' => '/sites/advanced-api/api/web/'
    'SCRIPT_NAME' => '/sites/advanced-api/api/web/index.php'
    'PHP_SELF' => '/sites/advanced-api/api/web/index.php'
    'REQUEST_TIME_FLOAT' => 1495561297.275
    'REQUEST_TIME' => 1495561297
]
